The system is: Windows - 10.0.18363 - AMD64
Compiling the C compiler identification source file "CMakeCCompilerId.c" succeeded.
Compiler: C:/Program Files (x86)/Microsoft Visual Studio/2019/BuildTools/VC/Tools/MSVC/14.25.28610/bin/Hostx64/x64/cl.exe 
Build flags: 
Id flags:  

The output was:
0
Microsoft (R) C/C++ Optimizing Compiler Version 19.25.28610.4 for x64
Copyright (C) Microsoft Corporation.  All rights reserved.

CMakeCCompilerId.c
Microsoft (R) Incremental Linker Version 14.25.28610.4
Copyright (C) Microsoft Corporation.  All rights reserved.

/out:CMakeCCompilerId.exe 
CMakeCCompilerId.obj 


Compilation of the C compiler identification source "CMakeCCompilerId.c" produced "CMakeCCompilerId.exe"

Compilation of the C compiler identification source "CMakeCCompilerId.c" produced "CMakeCCompilerId.obj"

The C compiler identification is MSVC, found in "E:/Mine Ting/Google Drev/GitSSP/Drivhus/Simulering/build/CMakeFiles/3.17.0-rc3/CompilerIdC/CMakeCCompilerId.exe"

Compiling the CXX compiler identification source file "CMakeCXXCompilerId.cpp" succeeded.
Compiler: C:/Program Files (x86)/Microsoft Visual Studio/2019/BuildTools/VC/Tools/MSVC/14.25.28610/bin/Hostx64/x64/cl.exe 
Build flags: 
Id flags:  

The output was:
0
Microsoft (R) C/C++ Optimizing Compiler Version 19.25.28610.4 for x64
Copyright (C) Microsoft Corporation.  All rights reserved.

CMakeCXXCompilerId.cpp
Microsoft (R) Incremental Linker Version 14.25.28610.4
Copyright (C) Microsoft Corporation.  All rights reserved.

/out:CMakeCXXCompilerId.exe 
CMakeCXXCompilerId.obj 


Compilation of the CXX compiler identification source "CMakeCXXCompilerId.cpp" produced "CMakeCXXCompilerId.exe"

Compilation of the CXX compiler identification source "CMakeCXXCompilerId.cpp" produced "CMakeCXXCompilerId.obj"

The CXX compiler identification is MSVC, found in "E:/Mine Ting/Google Drev/GitSSP/Drivhus/Simulering/build/CMakeFiles/3.17.0-rc3/CompilerIdCXX/CMakeCXXCompilerId.exe"

Determining if the C compiler works passed with the following output:
Change Dir: E:/Mine Ting/Google Drev/GitSSP/Drivhus/Simulering/build/CMakeFiles/CMakeTmp

Run Build Command(s):C:/PROGRA~2/MICROS~1/2019/BUILDT~1/Common7/IDE/COMMON~1/MICROS~1/CMake/Ninja/ninja.exe cmTC_ae391 && [1/2] Building C object CMakeFiles\cmTC_ae391.dir\testCCompiler.c.obj
[2/2] Linking C executable cmTC_ae391.exe



Detecting C compiler ABI info compiled with the following output:
Change Dir: E:/Mine Ting/Google Drev/GitSSP/Drivhus/Simulering/build/CMakeFiles/CMakeTmp

Run Build Command(s):C:/PROGRA~2/MICROS~1/2019/BUILDT~1/Common7/IDE/COMMON~1/MICROS~1/CMake/Ninja/ninja.exe cmTC_31b11 && [1/2] Building C object CMakeFiles\cmTC_31b11.dir\CMakeCCompilerABI.c.obj
[2/2] Linking C executable cmTC_31b11.exe



Determining if the CXX compiler works passed with the following output:
Change Dir: E:/Mine Ting/Google Drev/GitSSP/Drivhus/Simulering/build/CMakeFiles/CMakeTmp

Run Build Command(s):C:/PROGRA~2/MICROS~1/2019/BUILDT~1/Common7/IDE/COMMON~1/MICROS~1/CMake/Ninja/ninja.exe cmTC_88459 && [1/2] Building CXX object CMakeFiles\cmTC_88459.dir\testCXXCompiler.cxx.obj
[2/2] Linking CXX executable cmTC_88459.exe



Detecting CXX compiler ABI info compiled with the following output:
Change Dir: E:/Mine Ting/Google Drev/GitSSP/Drivhus/Simulering/build/CMakeFiles/CMakeTmp

Run Build Command(s):C:/PROGRA~2/MICROS~1/2019/BUILDT~1/Common7/IDE/COMMON~1/MICROS~1/CMake/Ninja/ninja.exe cmTC_dd89a && [1/2] Building CXX object CMakeFiles\cmTC_dd89a.dir\CMakeCXXCompilerABI.cpp.obj
[2/2] Linking CXX executable cmTC_dd89a.exe



Determining if the include file sys/types.h exists passed with the following output:
Change Dir: E:/Mine Ting/Google Drev/GitSSP/Drivhus/Simulering/build/CMakeFiles/CMakeTmp

Run Build Command(s):C:/PROGRA~2/MICROS~1/2019/BUILDT~1/Common7/IDE/COMMON~1/MICROS~1/CMake/Ninja/ninja.exe cmTC_5aaf3 && [1/2] Building C object CMakeFiles\cmTC_5aaf3.dir\CheckIncludeFile.c.obj
[2/2] Linking C executable cmTC_5aaf3.exe



Determining if the include file stdint.h exists passed with the following output:
Change Dir: E:/Mine Ting/Google Drev/GitSSP/Drivhus/Simulering/build/CMakeFiles/CMakeTmp

Run Build Command(s):C:/PROGRA~2/MICROS~1/2019/BUILDT~1/Common7/IDE/COMMON~1/MICROS~1/CMake/Ninja/ninja.exe cmTC_6e485 && [1/2] Building C object CMakeFiles\cmTC_6e485.dir\CheckIncludeFile.c.obj
[2/2] Linking C executable cmTC_6e485.exe



Determining if the include file stddef.h exists passed with the following output:
Change Dir: E:/Mine Ting/Google Drev/GitSSP/Drivhus/Simulering/build/CMakeFiles/CMakeTmp

Run Build Command(s):C:/PROGRA~2/MICROS~1/2019/BUILDT~1/Common7/IDE/COMMON~1/MICROS~1/CMake/Ninja/ninja.exe cmTC_73f99 && [1/2] Building C object CMakeFiles\cmTC_73f99.dir\CheckIncludeFile.c.obj
[2/2] Linking C executable cmTC_73f99.exe



Determining size of void* passed with the following output:
Change Dir: E:/Mine Ting/Google Drev/GitSSP/Drivhus/Simulering/build/CMakeFiles/CMakeTmp

Run Build Command(s):C:/PROGRA~2/MICROS~1/2019/BUILDT~1/Common7/IDE/COMMON~1/MICROS~1/CMake/Ninja/ninja.exe cmTC_315d5 && [1/2] Building C object CMakeFiles\cmTC_315d5.dir\SIZEOF_VOID_PTR.c.obj
[2/2] Linking C executable cmTC_315d5.exe



